This is pdfTeX, Version 3.14159265-2.6-1.40.16 (TeX Live 2015) (preloaded format=pdflatex 2016.5.3)  6 JAN 2017 18:34
entering extended mode
 restricted \write18 enabled.
 %&-line parsing enabled.
**bare_jrnl.tex
(./bare_jrnl.tex
LaTeX2e <2015/01/01>
Babel <3.9l> and hyphenation patterns for 79 languages loaded.
(./IEEEtran.cls
Document Class: IEEEtran 2015/08/26 V1.8b by Michael Shell
-- See the "IEEEtran_HOWTO" manual for usage information.
-- http://www.michaelshell.org/tex/ieeetran/
\@IEEEtrantmpdimenA=\dimen102
\@IEEEtrantmpdimenB=\dimen103
\@IEEEtrantmpdimenC=\dimen104
\@IEEEtrantmpcountA=\count79
\@IEEEtrantmpcountB=\count80
\@IEEEtrantmpcountC=\count81
\@IEEEtrantmptoksA=\toks14
LaTeX Font Info:    Try loading font information for OT1+ptm on input line 503.

(/usr/local/texlive/2015/texmf-dist/tex/latex/psnfss/ot1ptm.fd
File: ot1ptm.fd 2001/06/04 font definitions for OT1/ptm.
)
-- Using 8.5in x 11in (letter) paper.
-- Using PDF output.
\@IEEEnormalsizeunitybaselineskip=\dimen105
-- This is a 10 point document.
\CLASSINFOnormalsizebaselineskip=\dimen106
\CLASSINFOnormalsizeunitybaselineskip=\dimen107
\IEEEnormaljot=\dimen108
LaTeX Font Info:    Font shape `OT1/ptm/bx/n' in size <5> not available
(Font)              Font shape `OT1/ptm/b/n' tried instead on input line 1090.
LaTeX Font Info:    Font shape `OT1/ptm/bx/it' in size <5> not available
(Font)              Font shape `OT1/ptm/b/it' tried instead on input line 1090.

LaTeX Font Info:    Font shape `OT1/ptm/bx/n' in size <7> not available
(Font)              Font shape `OT1/ptm/b/n' tried instead on input line 1090.
LaTeX Font Info:    Font shape `OT1/ptm/bx/it' in size <7> not available
(Font)              Font shape `OT1/ptm/b/it' tried instead on input line 1090.

LaTeX Font Info:    Font shape `OT1/ptm/bx/n' in size <8> not available
(Font)              Font shape `OT1/ptm/b/n' tried instead on input line 1090.
LaTeX Font Info:    Font shape `OT1/ptm/bx/it' in size <8> not available
(Font)              Font shape `OT1/ptm/b/it' tried instead on input line 1090.

LaTeX Font Info:    Font shape `OT1/ptm/bx/n' in size <9> not available
(Font)              Font shape `OT1/ptm/b/n' tried instead on input line 1090.
LaTeX Font Info:    Font shape `OT1/ptm/bx/it' in size <9> not available
(Font)              Font shape `OT1/ptm/b/it' tried instead on input line 1090.

LaTeX Font Info:    Font shape `OT1/ptm/bx/n' in size <10> not available
(Font)              Font shape `OT1/ptm/b/n' tried instead on input line 1090.
LaTeX Font Info:    Font shape `OT1/ptm/bx/it' in size <10> not available
(Font)              Font shape `OT1/ptm/b/it' tried instead on input line 1090.

LaTeX Font Info:    Font shape `OT1/ptm/bx/n' in size <11> not available
(Font)              Font shape `OT1/ptm/b/n' tried instead on input line 1090.
LaTeX Font Info:    Font shape `OT1/ptm/bx/it' in size <11> not available
(Font)              Font shape `OT1/ptm/b/it' tried instead on input line 1090.

LaTeX Font Info:    Font shape `OT1/ptm/bx/n' in size <12> not available
(Font)              Font shape `OT1/ptm/b/n' tried instead on input line 1090.
LaTeX Font Info:    Font shape `OT1/ptm/bx/it' in size <12> not available
(Font)              Font shape `OT1/ptm/b/it' tried instead on input line 1090.

LaTeX Font Info:    Font shape `OT1/ptm/bx/n' in size <17> not available
(Font)              Font shape `OT1/ptm/b/n' tried instead on input line 1090.
LaTeX Font Info:    Font shape `OT1/ptm/bx/it' in size <17> not available
(Font)              Font shape `OT1/ptm/b/it' tried instead on input line 1090.

LaTeX Font Info:    Font shape `OT1/ptm/bx/n' in size <20> not available
(Font)              Font shape `OT1/ptm/b/n' tried instead on input line 1090.
LaTeX Font Info:    Font shape `OT1/ptm/bx/it' in size <20> not available
(Font)              Font shape `OT1/ptm/b/it' tried instead on input line 1090.

LaTeX Font Info:    Font shape `OT1/ptm/bx/n' in size <24> not available
(Font)              Font shape `OT1/ptm/b/n' tried instead on input line 1090.
LaTeX Font Info:    Font shape `OT1/ptm/bx/it' in size <24> not available
(Font)              Font shape `OT1/ptm/b/it' tried instead on input line 1090.

\IEEEquantizedlength=\dimen109
\IEEEquantizedlengthdiff=\dimen110
\IEEEquantizedtextheightdiff=\dimen111
\IEEEilabelindentA=\dimen112
\IEEEilabelindentB=\dimen113
\IEEEilabelindent=\dimen114
\IEEEelabelindent=\dimen115
\IEEEdlabelindent=\dimen116
\IEEElabelindent=\dimen117
\IEEEiednormlabelsep=\dimen118
\IEEEiedmathlabelsep=\dimen119
\IEEEiedtopsep=\skip41
\c@section=\count82
\c@subsection=\count83
\c@subsubsection=\count84
\c@paragraph=\count85
\c@IEEEsubequation=\count86
\abovecaptionskip=\skip42
\belowcaptionskip=\skip43
\c@figure=\count87
\c@table=\count88
\@IEEEeqnnumcols=\count89
\@IEEEeqncolcnt=\count90
\@IEEEsubeqnnumrollback=\count91
\@IEEEquantizeheightA=\dimen120
\@IEEEquantizeheightB=\dimen121
\@IEEEquantizeheightC=\dimen122
\@IEEEquantizeprevdepth=\dimen123
\@IEEEquantizemultiple=\count92
\@IEEEquantizeboxA=\box26
\@IEEEtmpitemindent=\dimen124
\IEEEPARstartletwidth=\dimen125
\c@IEEEbiography=\count93
\@IEEEtranrubishbin=\box27
)
\c@MYtempeqncnt=\count94
 (/usr/local/texlive/2015/texmf-dist/tex/latex/cite/cite.sty
LaTeX Info: Redefining \cite on input line 302.
LaTeX Info: Redefining \nocite on input line 332.
Package: cite 2015/02/27  v 5.5
)
(/usr/local/texlive/2015/texmf-dist/tex/latex/caption/subcaption.sty
Package: subcaption 2013/02/03 v1.1-62 Sub-captions (AR)

(/usr/local/texlive/2015/texmf-dist/tex/latex/caption/caption.sty
Package: caption 2013/05/02 v3.3-89 Customizing captions (AR)

(/usr/local/texlive/2015/texmf-dist/tex/latex/caption/caption3.sty
Package: caption3 2013/05/02 v1.6-88 caption3 kernel (AR)
Package caption3 Info: TeX engine: e-TeX on input line 57.

(/usr/local/texlive/2015/texmf-dist/tex/latex/graphics/keyval.sty
Package: keyval 2014/10/28 v1.15 key=value parser (DPC)
\KV@toks@=\toks15
)
\captionmargin=\dimen126
\captionmargin@=\dimen127
\captionwidth=\dimen128
\caption@tempdima=\dimen129
\caption@indent=\dimen130
\caption@parindent=\dimen131
\caption@hangindent=\dimen132
Package caption Info: Unknown document class (or package),
(caption)             standard defaults will be used.
)

Package caption Warning: Unsupported document class (or package) detected,
(caption)                usage of the caption package is not recommended.
See the caption package documentation for explanation.

Package caption Info: \@makecaption = \long macro:#1#2->\ifx \@captype \@IEEEta
blestring \footnotesize \bgroup \par \centering \@IEEEtabletopskipstrut {\norma
lfont \footnotesize #1}\\{\normalfont \footnotesize \scshape #2}\par \addvspace
 {0.5\baselineskip }\egroup \@IEEEtablecaptionsepspace \else \@IEEEfigurecaptio
nsepspace \setbox \@tempboxa \hbox {\normalfont \footnotesize {#1.}\nobreakspac
e \nobreakspace #2}\ifdim \wd \@tempboxa >\hsize \setbox \@tempboxa \hbox {\nor
malfont \footnotesize {#1.}\nobreakspace \nobreakspace }\parbox [t]{\hsize }{\n
ormalfont \footnotesize \noindent \unhbox \@tempboxa #2}\else \ifCLASSOPTIONcon
ference \hbox to\hsize {\normalfont \footnotesize \hfil \box \@tempboxa \hfil }
\else \hbox to\hsize {\normalfont \footnotesize \box \@tempboxa \hfil }\fi \fi 
\fi .
\c@ContinuedFloat=\count95
)
\c@subfigure=\count96
\c@subtable=\count97
) (/usr/local/texlive/2015/texmf-dist/tex/latex/graphics/graphicx.sty
Package: graphicx 2014/10/28 v1.0g Enhanced LaTeX Graphics (DPC,SPQR)

(/usr/local/texlive/2015/texmf-dist/tex/latex/graphics/graphics.sty
Package: graphics 2014/10/28 v1.0p Standard LaTeX Graphics (DPC,SPQR)

(/usr/local/texlive/2015/texmf-dist/tex/latex/graphics/trig.sty
Package: trig 1999/03/16 v1.09 sin cos tan (DPC)
)
(/usr/local/texlive/2015/texmf-dist/tex/latex/latexconfig/graphics.cfg
File: graphics.cfg 2010/04/23 v1.9 graphics configuration of TeX Live
)
Package graphics Info: Driver file: pdftex.def on input line 94.

(/usr/local/texlive/2015/texmf-dist/tex/latex/pdftex-def/pdftex.def
File: pdftex.def 2011/05/27 v0.06d Graphics/color for pdfTeX

(/usr/local/texlive/2015/texmf-dist/tex/generic/oberdiek/infwarerr.sty
Package: infwarerr 2010/04/08 v1.3 Providing info/warning/error messages (HO)
)
(/usr/local/texlive/2015/texmf-dist/tex/generic/oberdiek/ltxcmds.sty
Package: ltxcmds 2011/11/09 v1.22 LaTeX kernel commands for general use (HO)
)
\Gread@gobject=\count98
))
\Gin@req@height=\dimen133
\Gin@req@width=\dimen134
)
(/usr/local/texlive/2015/texmf-dist/tex/latex/amsmath/amsmath.sty
Package: amsmath 2013/01/14 v2.14 AMS math features
\@mathmargin=\skip44

For additional information on amsmath, use the `?' option.
(/usr/local/texlive/2015/texmf-dist/tex/latex/amsmath/amstext.sty
Package: amstext 2000/06/29 v2.01

(/usr/local/texlive/2015/texmf-dist/tex/latex/amsmath/amsgen.sty
File: amsgen.sty 1999/11/30 v2.0
\@emptytoks=\toks16
\ex@=\dimen135
))
(/usr/local/texlive/2015/texmf-dist/tex/latex/amsmath/amsbsy.sty
Package: amsbsy 1999/11/29 v1.2d
\pmbraise@=\dimen136
)
(/usr/local/texlive/2015/texmf-dist/tex/latex/amsmath/amsopn.sty
Package: amsopn 1999/12/14 v2.01 operator names
)
\inf@bad=\count99
LaTeX Info: Redefining \frac on input line 210.
\uproot@=\count100
\leftroot@=\count101
LaTeX Info: Redefining \overline on input line 306.
\classnum@=\count102
\DOTSCASE@=\count103
LaTeX Info: Redefining \ldots on input line 378.
LaTeX Info: Redefining \dots on input line 381.
LaTeX Info: Redefining \cdots on input line 466.
\Mathstrutbox@=\box28
\strutbox@=\box29
\big@size=\dimen137
LaTeX Font Info:    Redeclaring font encoding OML on input line 566.
LaTeX Font Info:    Redeclaring font encoding OMS on input line 567.
\macc@depth=\count104
\c@MaxMatrixCols=\count105
\dotsspace@=\muskip10
\c@parentequation=\count106
\dspbrk@lvl=\count107
\tag@help=\toks17
\row@=\count108
\column@=\count109
\maxfields@=\count110
\andhelp@=\toks18
\eqnshift@=\dimen138
\alignsep@=\dimen139
\tagshift@=\dimen140
\tagwidth@=\dimen141
\totwidth@=\dimen142
\lineht@=\dimen143
\@envbody=\toks19
\multlinegap=\skip45
\multlinetaggap=\skip46
\mathdisplay@stack=\toks20
LaTeX Info: Redefining \[ on input line 2665.
LaTeX Info: Redefining \] on input line 2666.
)
(/usr/local/texlive/2015/texmf-dist/tex/latex/tools/array.sty
Package: array 2014/10/28 v2.4c Tabular extension package (FMi)
\col@sep=\dimen144
\extrarowheight=\dimen145
\NC@list=\toks21
\extratabsurround=\skip47
\backup@length=\skip48
)
(/usr/local/texlive/2015/texmf-dist/tex/latex/sttools/stfloats.sty
Package: stfloats 2012/05/29 v1.1 Improve float mechanism and baselineskip sett
ings
\@dblbotnum=\count111
\c@dblbotnumber=\count112
)
(/usr/local/texlive/2015/texmf-dist/tex/latex/url/url.sty
\Urlmuskip=\muskip11
Package: url 2013/09/16  ver 3.4  Verb mode for urls, etc.
) (./bare_jrnl.aux)
\openout1 = `bare_jrnl.aux'.

LaTeX Font Info:    Checking defaults for OML/cmm/m/it on input line 353.
LaTeX Font Info:    ... okay on input line 353.
LaTeX Font Info:    Checking defaults for T1/cmr/m/n on input line 353.
LaTeX Font Info:    ... okay on input line 353.
LaTeX Font Info:    Checking defaults for OT1/cmr/m/n on input line 353.
LaTeX Font Info:    ... okay on input line 353.
LaTeX Font Info:    Checking defaults for OMS/cmsy/m/n on input line 353.
LaTeX Font Info:    ... okay on input line 353.
LaTeX Font Info:    Checking defaults for OMX/cmex/m/n on input line 353.
LaTeX Font Info:    ... okay on input line 353.
LaTeX Font Info:    Checking defaults for U/cmr/m/n on input line 353.
LaTeX Font Info:    ... okay on input line 353.

-- Lines per column: 58 (exact).
Package caption Info: Begin \AtBeginDocument code.
Package caption Info: End \AtBeginDocument code.
(/usr/local/texlive/2015/texmf-dist/tex/context/base/supp-pdf.mkii
[Loading MPS to PDF converter (version 2006.09.02).]
\scratchcounter=\count113
\scratchdimen=\dimen146
\scratchbox=\box30
\nofMPsegments=\count114
\nofMParguments=\count115
\everyMPshowfont=\toks22
\MPscratchCnt=\count116
\MPscratchDim=\dimen147
\MPnumerator=\count117
\makeMPintoPDFobject=\count118
\everyMPtoPDFconversion=\toks23
) (/usr/local/texlive/2015/texmf-dist/tex/generic/oberdiek/pdftexcmds.sty
Package: pdftexcmds 2011/11/29 v0.20 Utility functions of pdfTeX for LuaTeX (HO
)

(/usr/local/texlive/2015/texmf-dist/tex/generic/oberdiek/ifluatex.sty
Package: ifluatex 2010/03/01 v1.3 Provides the ifluatex switch (HO)
Package ifluatex Info: LuaTeX not detected.
)
(/usr/local/texlive/2015/texmf-dist/tex/generic/oberdiek/ifpdf.sty
Package: ifpdf 2011/01/30 v2.3 Provides the ifpdf switch (HO)
Package ifpdf Info: pdfTeX in PDF mode is detected.
)
Package pdftexcmds Info: LuaTeX not detected.
Package pdftexcmds Info: \pdf@primitive is available.
Package pdftexcmds Info: \pdf@ifprimitive is available.
Package pdftexcmds Info: \pdfdraftmode found.
)
(/usr/local/texlive/2015/texmf-dist/tex/latex/oberdiek/epstopdf-base.sty
Package: epstopdf-base 2010/02/09 v2.5 Base part for package epstopdf

(/usr/local/texlive/2015/texmf-dist/tex/latex/oberdiek/grfext.sty
Package: grfext 2010/08/19 v1.1 Manage graphics extensions (HO)

(/usr/local/texlive/2015/texmf-dist/tex/generic/oberdiek/kvdefinekeys.sty
Package: kvdefinekeys 2011/04/07 v1.3 Define keys (HO)
))
(/usr/local/texlive/2015/texmf-dist/tex/latex/oberdiek/kvoptions.sty
Package: kvoptions 2011/06/30 v3.11 Key value format for package options (HO)

(/usr/local/texlive/2015/texmf-dist/tex/generic/oberdiek/kvsetkeys.sty
Package: kvsetkeys 2012/04/25 v1.16 Key value parser (HO)

(/usr/local/texlive/2015/texmf-dist/tex/generic/oberdiek/etexcmds.sty
Package: etexcmds 2011/02/16 v1.5 Avoid name clashes with e-TeX commands (HO)
Package etexcmds Info: Could not find \expanded.
(etexcmds)             That can mean that you are not using pdfTeX 1.50 or
(etexcmds)             that some package has redefined \expanded.
(etexcmds)             In the latter case, load this package earlier.
)))
Package grfext Info: Graphics extension search list:
(grfext)             [.png,.pdf,.jpg,.mps,.jpeg,.jbig2,.jb2,.PNG,.PDF,.JPG,.JPE
G,.JBIG2,.JB2,.eps]
(grfext)             \AppendGraphicsExtensions on input line 452.

(/usr/local/texlive/2015/texmf-dist/tex/latex/latexconfig/epstopdf-sys.cfg
File: epstopdf-sys.cfg 2010/07/13 v1.3 Configuration of (r)epstopdf for TeX Liv
e
))
[1{/usr/local/texlive/2015/texmf-var/fonts/map/pdftex/updmap/pdftex.map}


]
<./figure/RU_spec.jpg, id=12, 1789.68625pt x 726.715pt>
File: ./figure/RU_spec.jpg Graphic file (type jpg)

<use ./figure/RU_spec.jpg>
Package pdftex.def Info: ./figure/RU_spec.jpg used on input line 649.
(pdftex.def)             Requested size: 250.55437pt x 101.7394pt.

<./figure/fig_MU_DL.png, id=13, 1038.88126pt x 576.1525pt>
File: ./figure/fig_MU_DL.png Graphic file (type png)

<use ./figure/fig_MU_DL.png>
Package pdftex.def Info: ./figure/fig_MU_DL.png used on input line 656.
(pdftex.def)             Requested size: 238.93765pt x 132.51228pt.

<./figure/fig_MU_UL.png, id=14, 1188.44pt x 482.80376pt>
File: ./figure/fig_MU_UL.png Graphic file (type png)

<use ./figure/fig_MU_UL.png>
Package pdftex.def Info: ./figure/fig_MU_UL.png used on input line 663.
(pdftex.def)             Requested size: 249.57977pt x 101.39177pt.
 [2 <./figure/RU_spec.jpg> <./figure/fig_MU_DL.png> <./figure/fig_MU_UL.png>]
<./figure/fig_tf_format.png, id=18, 1164.35pt x 434.62375pt>
File: ./figure/fig_tf_format.png Graphic file (type png)

<use ./figure/fig_tf_format.png>
Package pdftex.def Info: ./figure/fig_tf_format.png used on input line 681.
(pdftex.def)             Requested size: 232.86588pt x 86.9232pt.

<./figure/RA_illu_2.png, id=19, 1197.47375pt x 438.63875pt>
File: ./figure/RA_illu_2.png Graphic file (type png)

<use ./figure/RA_illu_2.png>
Package pdftex.def Info: ./figure/RA_illu_2.png used on input line 701.
(pdftex.def)             Requested size: 419.12209pt x 153.52585pt.

<./figure/RA_illu.png, id=20, 1114.1625pt x 368.37625pt>
File: ./figure/RA_illu.png Graphic file (type png)

<use ./figure/RA_illu.png>
Package pdftex.def Info: ./figure/RA_illu.png used on input line 709.
(pdftex.def)             Requested size: 389.96272pt x 128.93361pt.

Underfull \hbox (badness 1603) in paragraph at lines 729--735
[]\OT1/ptm/m/n/10 Different from legacy 802.11, where all the pa-ram-e-
 []


Underfull \hbox (badness 2027) in paragraph at lines 729--735
\OT1/ptm/m/n/10 The pa-ram-e-ters in-cludes $\OML/cmm/m/it/10 OCW[]; OCW[]; M$\
OT1/ptm/m/n/10 , where
 []

<./figure/RAPS.png, id=21, 849.1725pt x 349.305pt>
File: ./figure/RAPS.png Graphic file (type png)
 <use ./figure/RAPS.png>
Package pdftex.def Info: ./figure/RAPS.png used on input line 765.
(pdftex.def)             Requested size: 254.75371pt x 104.7923pt.

Overfull \hbox (2.75371pt too wide) in paragraph at lines 765--766
[][] 
 []


LaTeX Warning: `!h' float specifier changed to `!ht'.

[3 <./figure/fig_tf_format.png>]
<./figure/Markov_chain.png, id=32, 1056.94875pt x 693.59125pt>
File: ./figure/Markov_chain.png Graphic file (type png)

<use ./figure/Markov_chain.png>
Package pdftex.def Info: ./figure/Markov_chain.png used on input line 833.
(pdftex.def)             Requested size: 475.62254pt x 312.11317pt.

Overfull \hbox (14.54614pt too wide) in paragraph at lines 853--853
[] 
 []


Underfull \vbox (badness 10000) has occurred while \output is active []

 [4 <./figure/RA_illu_2.png> <./figure/RA_illu.png> <./figure/RAPS.png>]
Overfull \hbox (9.40424pt too wide) in paragraph at lines 881--881
[] 
 []

[5 <./figure/Markov_chain.png>] [6]
<./figure/multiple_parameter.png, id=47, 481.8pt x 361.35pt>
File: ./figure/multiple_parameter.png Graphic file (type png)

<use ./figure/multiple_parameter.png>
Package pdftex.def Info: ./figure/multiple_parameter.png used on input line 103
4.
(pdftex.def)             Requested size: 260.16812pt x 195.1261pt.

Overfull \hbox (8.16812pt too wide) in paragraph at lines 1034--1035
[][] 
 []

<./figure/chp4/max_min.png, id=48, 613.29124pt x 812.03375pt>
File: ./figure/chp4/max_min.png Graphic file (type png)

<use ./figure/chp4/max_min.png>
Package pdftex.def Info: ./figure/chp4/max_min.png used on input line 1059.
(pdftex.def)             Requested size: 257.58055pt x 341.05185pt.

Overfull \hbox (5.58055pt too wide) in paragraph at lines 1059--1060
[][] 
 []

[7 <./figure/multiple_parameter.png> <./figure/chp4/max_min.png>]
<./figure/n_M_eff_perf.png, id=53, 481.8pt x 361.35pt>
File: ./figure/n_M_eff_perf.png Graphic file (type png)

<use ./figure/n_M_eff_perf.png>
Package pdftex.def Info: ./figure/n_M_eff_perf.png used on input line 1098.
(pdftex.def)             Requested size: 260.16812pt x 195.1261pt.

Overfull \hbox (8.16812pt too wide) in paragraph at lines 1098--1099
 [][] 
 []

<./figure/n_M_ns_perf.png, id=54, 481.8pt x 361.35pt>
File: ./figure/n_M_ns_perf.png Graphic file (type png)

<use ./figure/n_M_ns_perf.png>
Package pdftex.def Info: ./figure/n_M_ns_perf.png used on input line 1106.
(pdftex.def)             Requested size: 260.16812pt x 195.1261pt.

Overfull \hbox (2.16812pt too wide) in paragraph at lines 1106--1107
[][] 
 []


Overfull \hbox (6.0pt too wide) in paragraph at lines 1104--1110
[]$[]$ 
 []

<./figure/n_M_delay_perf.png, id=55, 481.8pt x 361.35pt>
File: ./figure/n_M_delay_perf.png Graphic file (type png)

<use ./figure/n_M_delay_perf.png>
Package pdftex.def Info: ./figure/n_M_delay_perf.png used on input line 1113.
(pdftex.def)             Requested size: 260.16812pt x 195.1261pt.

Overfull \hbox (2.16812pt too wide) in paragraph at lines 1113--1114
[][] 
 []


Overfull \hbox (6.0pt too wide) in paragraph at lines 1111--1117
[]$[]$ 
 []

<./figure/chp4/M9/n_tau_perf_M9_x200.png, id=56, 481.8pt x 361.35pt>
File: ./figure/chp4/M9/n_tau_perf_M9_x200.png Graphic file (type png)

<use ./figure/chp4/M9/n_tau_perf_M9_x200.png>
Package pdftex.def Info: ./figure/chp4/M9/n_tau_perf_M9_x200.png used on input 
line 1138.
(pdftex.def)             Requested size: 260.16812pt x 195.1261pt.

Overfull \hbox (2.16812pt too wide) in paragraph at lines 1138--1139
[][] 
 []

<./figure/chp4/M18/n_tau_perf_M18_x400.png, id=57, 481.8pt x 361.35pt>
File: ./figure/chp4/M18/n_tau_perf_M18_x400.png Graphic file (type png)

<use ./figure/chp4/M18/n_tau_perf_M18_x400.png>
Package pdftex.def Info: ./figure/chp4/M18/n_tau_perf_M18_x400.png used on inpu
t line 1145.
(pdftex.def)             Requested size: 260.16812pt x 195.1261pt.

Overfull \hbox (2.16812pt too wide) in paragraph at lines 1145--1146
[][] 
 []


Overfull \hbox (6.0pt too wide) in paragraph at lines 1136--1150
 []$[]$ 
 []


Overfull \hbox (6.0pt too wide) in paragraph at lines 1136--1150
 []$ 
 []

[8 <./figure/n_M_eff_perf.png> <./figure/n_M_ns_perf.png> <./figure/n_M_delay_p
erf.png>] <./figure/chp4/M9/n_tau_perf_M9_x100.png, id=61, 481.8pt x 361.35pt>
File: ./figure/chp4/M9/n_tau_perf_M9_x100.png Graphic file (type png)

<use ./figure/chp4/M9/n_tau_perf_M9_x100.png>
Package pdftex.def Info: ./figure/chp4/M9/n_tau_perf_M9_x100.png used on input 
line 1183.
(pdftex.def)             Requested size: 260.16812pt x 195.1261pt.

Overfull \hbox (2.16812pt too wide) in paragraph at lines 1183--1184
 [][] 
 []


Overfull \hbox (6.0pt too wide) in paragraph at lines 1181--1187
 []$[]$ 
 []

<./figure/chp4/M18/n_tau_perf_M18_x100.png, id=62, 481.8pt x 361.35pt>
File: ./figure/chp4/M18/n_tau_perf_M18_x100.png Graphic file (type png)

<use ./figure/chp4/M18/n_tau_perf_M18_x100.png>
Package pdftex.def Info: ./figure/chp4/M18/n_tau_perf_M18_x100.png used on inpu
t line 1190.
(pdftex.def)             Requested size: 260.16812pt x 195.1261pt.

Overfull \hbox (2.16812pt too wide) in paragraph at lines 1190--1191
 [][] 
 []


Overfull \hbox (6.0pt too wide) in paragraph at lines 1188--1194
 []$[]$ 
 []

<./figure/chp4/M9/n_eff_perf_W01.png, id=63, 481.8pt x 361.35pt>
File: ./figure/chp4/M9/n_eff_perf_W01.png Graphic file (type png)

<use ./figure/chp4/M9/n_eff_perf_W01.png>
Package pdftex.def Info: ./figure/chp4/M9/n_eff_perf_W01.png used on input line
 1215.
(pdftex.def)             Requested size: 260.16812pt x 195.1261pt.

Overfull \hbox (2.16812pt too wide) in paragraph at lines 1215--1216
 [][] 
 []


Overfull \hbox (6.0pt too wide) in paragraph at lines 1213--1219
 []$[]$ 
 []

<./figure/chp4/M9/n_delay_perf.png, id=64, 481.8pt x 361.35pt>
File: ./figure/chp4/M9/n_delay_perf.png Graphic file (type png)

<use ./figure/chp4/M9/n_delay_perf.png>
Package pdftex.def Info: ./figure/chp4/M9/n_delay_perf.png used on input line 1
222.
(pdftex.def)             Requested size: 260.16812pt x 195.1261pt.

Overfull \hbox (2.16812pt too wide) in paragraph at lines 1222--1223
 [][] 
 []


Overfull \hbox (6.0pt too wide) in paragraph at lines 1220--1226
 []$[]$ 
 []

<./figure/chp4/M18/n_eff_perf_Wm1023.png, id=65, 481.8pt x 361.35pt>
File: ./figure/chp4/M18/n_eff_perf_Wm1023.png Graphic file (type png)

<use ./figure/chp4/M18/n_eff_perf_Wm1023.png>
Package pdftex.def Info: ./figure/chp4/M18/n_eff_perf_Wm1023.png used on input 
line 1246.
(pdftex.def)             Requested size: 260.16812pt x 195.1261pt.

Overfull \hbox (2.16812pt too wide) in paragraph at lines 1246--1247
 [][] 
 []


Overfull \hbox (6.0pt too wide) in paragraph at lines 1244--1250
 []$[]$ 
 []

<./figure/chp4/M18/n_delay_perf.png, id=66, 481.8pt x 361.35pt>
File: ./figure/chp4/M18/n_delay_perf.png Graphic file (type png)

<use ./figure/chp4/M18/n_delay_perf.png>
Package pdftex.def Info: ./figure/chp4/M18/n_delay_perf.png used on input line 
1253.
(pdftex.def)             Requested size: 260.16812pt x 195.1261pt.

Overfull \hbox (2.16812pt too wide) in paragraph at lines 1253--1254
 [][] 
 []


Overfull \hbox (6.0pt too wide) in paragraph at lines 1251--1257
 []$[]$ 
 []


Underfull \hbox (badness 6268) in paragraph at lines 1260--1265
 \OT1/ptm/m/it/10 2) Con-fig-ure $\OML/cmm/m/it/10 OCW[]$\OT1/ptm/m/it/10 : [][
] \OT1/ptm/m/n/10 To es-ti-mate the ef-fect of
 []


Underfull \vbox (badness 1496) has occurred while \output is active []

 [9 <./figure/chp4/M9/n_tau_perf_M9_x200.png> <./figure/chp4/M18/n_tau_perf_M18
_x400.png>]
[10 <./figure/chp4/M9/n_tau_perf_M9_x100.png> <./figure/chp4/M18/n_tau_perf_M18
_x100.png>] (./bare_jrnl.bbl
Missing character: There is no â in font ptmr7t!
Missing character: There is no € in font ptmr7t!
Missing character: There is no “ in font ptmr7t!

Underfull \hbox (badness 10000) in paragraph at lines 30--33
\OT1/ptm/m/n/8 http : / / www . cisco . com / c / en / us / solutions / collate
ral / service-[]provider /
 []


Underfull \hbox (badness 10000) in paragraph at lines 30--33
\OT1/ptm/m/n/8 visual-[]networking-[]index-[]vni / complete-[]white-[]paper-[]c
11-[]481360 . pdf$,
 []

) [11] [12 <./figure/chp4/M9/n_eff_perf_W01.png> <./figure/chp4/M9/n_delay_perf
.png>] [13 <./figure/chp4/M18/n_eff_perf_Wm1023.png> <./figure/chp4/M18/n_delay
_perf.png>] (./bare_jrnl.aux) ) 
Here is how much of TeX's memory you used:
 4443 strings out of 493089
 72372 string characters out of 6134843
 142484 words of memory out of 5000000
 7848 multiletter control sequences out of 15000+600000
 44591 words of font info for 83 fonts, out of 8000000 for 9000
 1144 hyphenation exceptions out of 8191
 42i,18n,40p,387b,444s stack positions out of 5000i,500n,10000p,200000b,80000s
{/usr/local/texlive/2015/texmf-dist/fonts/enc/dv
ips/base/8r.enc}</usr/local/texlive/2015/texmf-dist/fonts/type1/public/amsfonts
/cm/cmex10.pfb></usr/local/texlive/2015/texmf-dist/fonts/type1/public/amsfonts/
cm/cmmi10.pfb></usr/local/texlive/2015/texmf-dist/fonts/type1/public/amsfonts/c
m/cmmi5.pfb></usr/local/texlive/2015/texmf-dist/fonts/type1/public/amsfonts/cm/
cmmi6.pfb></usr/local/texlive/2015/texmf-dist/fonts/type1/public/amsfonts/cm/cm
mi7.pfb></usr/local/texlive/2015/texmf-dist/fonts/type1/public/amsfonts/cm/cmmi
8.pfb></usr/local/texlive/2015/texmf-dist/fonts/type1/public/amsfonts/cm/cmmi9.
pfb></usr/local/texlive/2015/texmf-dist/fonts/type1/public/amsfonts/cm/cmr10.pf
b></usr/local/texlive/2015/texmf-dist/fonts/type1/public/amsfonts/cm/cmr5.pfb><
/usr/local/texlive/2015/texmf-dist/fonts/type1/public/amsfonts/cm/cmr6.pfb></us
r/local/texlive/2015/texmf-dist/fonts/type1/public/amsfonts/cm/cmr7.pfb></usr/l
ocal/texlive/2015/texmf-dist/fonts/type1/public/amsfonts/cm/cmr8.pfb></usr/loca
l/texlive/2015/texmf-dist/fonts/type1/public/amsfonts/cm/cmr9.pfb></usr/local/t
exlive/2015/texmf-dist/fonts/type1/public/amsfonts/cm/cmsy10.pfb></usr/local/te
xlive/2015/texmf-dist/fonts/type1/public/amsfonts/cm/cmsy5.pfb></usr/local/texl
ive/2015/texmf-dist/fonts/type1/public/amsfonts/cm/cmsy7.pfb></usr/local/texliv
e/2015/texmf-dist/fonts/type1/urw/times/utmb8a.pfb></usr/local/texlive/2015/tex
mf-dist/fonts/type1/urw/times/utmbi8a.pfb></usr/local/texlive/2015/texmf-dist/f
onts/type1/urw/times/utmr8a.pfb></usr/local/texlive/2015/texmf-dist/fonts/type1
/urw/times/utmri8a.pfb>
Output written on bare_jrnl.pdf (13 pages, 1503355 bytes).
PDF statistics:
 149 PDF objects out of 1000 (max. 8388607)
 92 compressed objects within 1 object stream
 0 named destinations out of 1000 (max. 500000)
 106 words of extra memory for PDF output out of 10000 (max. 10000000)

